<?xml version="1.0" encoding="UTF-8"?>
<testng-results ignored="0" total="1" passed="1" failed="0" skipped="0">
  <reporter-output>
  </reporter-output>
  <suite started-at="2022-01-18T10:25:33 IST" name="Default suite" finished-at="2022-01-18T10:26:03 IST" duration-ms="30070">
    <groups>
    </groups>
    <test started-at="2022-01-18T10:25:33 IST" name="Default test" finished-at="2022-01-18T10:26:03 IST" duration-ms="30070">
      <class name="runner.WebApp">
        <test-method is-config="true" signature="Before()[pri:0, instance:runner.WebApp@63f259c3]" started-at="2022-01-18T10:25:33 IST" name="Before" finished-at="2022-01-18T10:25:39 IST" duration-ms="5656" status="PASS">
          <reporter-output>
          </reporter-output>
        </test-method> <!-- Before -->
        <test-method signature="LocalPage()[pri:1, instance:runner.WebApp@63f259c3]" started-at="2022-01-18T10:25:39 IST" name="LocalPage" finished-at="2022-01-18T10:26:03 IST" duration-ms="24196" status="PASS">
          <reporter-output>
          </reporter-output>
        </test-method> <!-- LocalPage -->
        <test-method is-config="true" signature="After()[pri:0, instance:runner.WebApp@63f259c3]" started-at="2022-01-18T10:26:03 IST" name="After" finished-at="2022-01-18T10:26:03 IST" duration-ms="201" status="PASS">
          <reporter-output>
          </reporter-output>
        </test-method> <!-- After -->
        <test-method is-config="true" signature="flush()[pri:0, instance:runner.WebApp@63f259c3]" started-at="2022-01-18T10:26:04 IST" name="flush" finished-at="2022-01-18T10:26:04 IST" duration-ms="204" status="PASS">
          <reporter-output>
          </reporter-output>
        </test-method> <!-- flush -->
      </class> <!-- runner.WebApp -->
    </test> <!-- Default test -->
  </suite> <!-- Default suite -->
</testng-results>
